
2024-08-19 22:31:30.405 [main] INFO  c.w.v.common.CommonApplication - Starting CommonApplication using Java 17.0.11 with PID 21652 (C:\Users\vamuhong\Documents\Formation 2023\backend\common\target\classes started by vamuhong in C:\Users\vamuhong\Documents\Formation 2023\backend\common)
2024-08-19 22:31:30.407 [main] INFO  c.w.v.common.CommonApplication - No active profile set, falling back to 1 default profile: "default"
2024-08-19 22:31:31.707 [main] INFO  o.s.b.w.e.tomcat.TomcatWebServer - Tomcat initialized with port 9090 (http)
2024-08-19 22:31:31.719 [main] INFO  o.a.coyote.http11.Http11NioProtocol - Initializing ProtocolHandler ["http-nio-9090"]
2024-08-19 22:31:31.720 [main] INFO  o.a.catalina.core.StandardService - Starting service [Tomcat]
2024-08-19 22:31:31.721 [main] INFO  o.a.catalina.core.StandardEngine - Starting Servlet engine: [Apache Tomcat/10.1.26]
2024-08-19 22:31:31.796 [main] INFO  o.a.c.c.C.[Tomcat].[localhost].[/] - Initializing Spring embedded WebApplicationContext
2024-08-19 22:31:31.797 [main] INFO  o.s.b.w.s.c.ServletWebServerApplicationContext - Root WebApplicationContext: initialization completed in 1313 ms
2024-08-19 22:31:32.183 [main] INFO  o.a.coyote.http11.Http11NioProtocol - Starting ProtocolHandler ["http-nio-9090"]
2024-08-19 22:31:32.209 [main] INFO  o.s.b.w.e.tomcat.TomcatWebServer - Tomcat started on port 9090 (http) with context path '/'
2024-08-19 22:31:32.218 [main] INFO  c.w.v.common.CommonApplication - Started CommonApplication in 3.033 seconds (process running for 4.493)
2024-08-19 22:31:32.220 [main] INFO  c.w.v.common.CommonApplication - Application started successfully.
2024-08-19 22:34:58.651 [main] INFO  c.w.v.common.CommonApplication - Starting CommonApplication using Java 17.0.11 with PID 32708 (C:\Users\vamuhong\Documents\Formation 2023\backend\common\target\classes started by vamuhong in C:\Users\vamuhong\Documents\Formation 2023\backend\common)
2024-08-19 22:34:58.654 [main] INFO  c.w.v.common.CommonApplication - No active profile set, falling back to 1 default profile: "default"
2024-08-19 22:34:59.956 [main] INFO  o.s.b.w.e.tomcat.TomcatWebServer - Tomcat initialized with port 9090 (http)
2024-08-19 22:34:59.969 [main] INFO  o.a.coyote.http11.Http11NioProtocol - Initializing ProtocolHandler ["http-nio-9090"]
2024-08-19 22:34:59.972 [main] INFO  o.a.catalina.core.StandardService - Starting service [Tomcat]
2024-08-19 22:34:59.972 [main] INFO  o.a.catalina.core.StandardEngine - Starting Servlet engine: [Apache Tomcat/10.1.25]
2024-08-19 22:35:00.204 [main] INFO  o.apache.jasper.servlet.TldScanner - At least one JAR was scanned for TLDs yet contained no TLDs. Enable debug logging for this logger for a complete list of JARs that were scanned but no TLDs were found in them. Skipping unneeded JARs during scanning can improve startup time and JSP compilation time.
2024-08-19 22:35:00.210 [main] INFO  o.a.c.c.C.[Tomcat].[localhost].[/] - Initializing Spring embedded WebApplicationContext
2024-08-19 22:35:00.210 [main] INFO  o.s.b.w.s.c.ServletWebServerApplicationContext - Root WebApplicationContext: initialization completed in 1480 ms
2024-08-19 22:35:00.693 [main] INFO  o.a.coyote.http11.Http11NioProtocol - Starting ProtocolHandler ["http-nio-9090"]
2024-08-19 22:35:00.754 [main] INFO  o.s.b.w.e.tomcat.TomcatWebServer - Tomcat started on port 9090 (http) with context path '/'
2024-08-19 22:35:00.766 [main] INFO  c.w.v.common.CommonApplication - Started CommonApplication in 3.163 seconds (process running for 4.511)
2024-08-19 22:35:00.770 [main] INFO  c.w.v.common.CommonApplication - Application started successfully.
2024-08-19 22:38:23.973 [main] INFO  c.w.v.common.CommonApplication - Starting CommonApplication using Java 17.0.11 with PID 28220 (C:\Users\vamuhong\Documents\Formation 2023\backend\common\target\classes started by vamuhong in C:\Users\vamuhong\Documents\Formation 2023\backend\common)
2024-08-19 22:38:23.975 [main] INFO  c.w.v.common.CommonApplication - No active profile set, falling back to 1 default profile: "default"
2024-08-19 22:38:25.117 [main] INFO  o.s.b.w.e.tomcat.TomcatWebServer - Tomcat initialized with port 9090 (http)
2024-08-19 22:38:25.127 [main] INFO  o.a.coyote.http11.Http11NioProtocol - Initializing ProtocolHandler ["http-nio-9090"]
2024-08-19 22:38:25.130 [main] INFO  o.a.catalina.core.StandardService - Starting service [Tomcat]
2024-08-19 22:38:25.131 [main] INFO  o.a.catalina.core.StandardEngine - Starting Servlet engine: [Apache Tomcat/10.1.26]
2024-08-19 22:38:25.212 [main] INFO  o.a.c.c.C.[Tomcat].[localhost].[/] - Initializing Spring embedded WebApplicationContext
2024-08-19 22:38:25.212 [main] INFO  o.s.b.w.s.c.ServletWebServerApplicationContext - Root WebApplicationContext: initialization completed in 1172 ms
2024-08-19 22:38:25.597 [main] INFO  o.a.coyote.http11.Http11NioProtocol - Starting ProtocolHandler ["http-nio-9090"]
2024-08-19 22:38:25.628 [main] INFO  o.s.b.w.e.tomcat.TomcatWebServer - Tomcat started on port 9090 (http) with context path '/'
2024-08-19 22:38:25.639 [main] INFO  c.w.v.common.CommonApplication - Started CommonApplication in 2.589 seconds (process running for 3.873)
2024-08-19 22:38:25.643 [main] INFO  c.w.v.common.CommonApplication - Application started successfully.
2024-08-19 22:40:07.380 [main] INFO  c.w.v.common.CommonApplication - Starting CommonApplication using Java 17.0.11 with PID 27160 (C:\Users\vamuhong\Documents\Formation 2023\backend\common\target\classes started by vamuhong in C:\Users\vamuhong\Documents\Formation 2023\backend\common)
2024-08-19 22:40:07.383 [main] INFO  c.w.v.common.CommonApplication - No active profile set, falling back to 1 default profile: "default"
2024-08-19 22:40:08.247 [main] INFO  o.s.b.w.e.tomcat.TomcatWebServer - Tomcat initialized with port 9090 (http)
2024-08-19 22:40:08.256 [main] INFO  o.a.coyote.http11.Http11NioProtocol - Initializing ProtocolHandler ["http-nio-9090"]
2024-08-19 22:40:08.258 [main] INFO  o.a.catalina.core.StandardService - Starting service [Tomcat]
2024-08-19 22:40:08.258 [main] INFO  o.a.catalina.core.StandardEngine - Starting Servlet engine: [Apache Tomcat/10.1.26]
2024-08-19 22:40:08.320 [main] INFO  o.a.c.c.C.[Tomcat].[localhost].[/] - Initializing Spring embedded WebApplicationContext
2024-08-19 22:40:08.320 [main] INFO  o.s.b.w.s.c.ServletWebServerApplicationContext - Root WebApplicationContext: initialization completed in 885 ms
2024-08-19 22:40:08.621 [main] INFO  o.a.coyote.http11.Http11NioProtocol - Starting ProtocolHandler ["http-nio-9090"]
2024-08-19 22:40:08.643 [main] INFO  o.s.b.w.e.tomcat.TomcatWebServer - Tomcat started on port 9090 (http) with context path '/'
2024-08-19 22:40:08.651 [main] INFO  c.w.v.common.CommonApplication - Started CommonApplication in 2.037 seconds (process running for 3.043)
2024-08-19 22:40:41.307 [main] INFO  c.w.v.common.CommonApplication - Starting CommonApplication using Java 17.0.11 with PID 32236 (C:\Users\vamuhong\Documents\Formation 2023\backend\common\target\classes started by vamuhong in C:\Users\vamuhong\Documents\Formation 2023\backend\common)
2024-08-19 22:40:41.310 [main] INFO  c.w.v.common.CommonApplication - No active profile set, falling back to 1 default profile: "default"
2024-08-19 22:40:42.422 [main] INFO  o.s.b.w.e.tomcat.TomcatWebServer - Tomcat initialized with port 9090 (http)
2024-08-19 22:40:42.437 [main] INFO  o.a.coyote.http11.Http11NioProtocol - Initializing ProtocolHandler ["http-nio-9090"]
2024-08-19 22:40:42.439 [main] INFO  o.a.catalina.core.StandardService - Starting service [Tomcat]
2024-08-19 22:40:42.439 [main] INFO  o.a.catalina.core.StandardEngine - Starting Servlet engine: [Apache Tomcat/10.1.26]
2024-08-19 22:40:42.530 [main] INFO  o.a.c.c.C.[Tomcat].[localhost].[/] - Initializing Spring embedded WebApplicationContext
2024-08-19 22:40:42.531 [main] INFO  o.s.b.w.s.c.ServletWebServerApplicationContext - Root WebApplicationContext: initialization completed in 1158 ms
2024-08-19 22:40:42.960 [main] INFO  o.a.coyote.http11.Http11NioProtocol - Starting ProtocolHandler ["http-nio-9090"]
2024-08-19 22:40:42.988 [main] INFO  o.s.b.w.e.tomcat.TomcatWebServer - Tomcat started on port 9090 (http) with context path '/'
2024-08-19 22:40:42.999 [main] INFO  c.w.v.common.CommonApplication - Started CommonApplication in 2.675 seconds (process running for 3.819)
